0 info it worked if it ends with ok
1 verbose cli [ 'node', '/usr/local/bin/npm', 'publish' ]
2 info using npm@2.10.1
3 info using node@v0.12.4
4 verbose publish [ '.' ]
5 silly cache add args [ '.', null ]
6 verbose cache add spec .
7 silly cache add parsed spec { raw: '.',
7 silly cache add   scope: null,
7 silly cache add   name: null,
7 silly cache add   rawSpec: '.',
7 silly cache add   spec: '/Users/zyg/Documents/Zombies',
7 silly cache add   type: 'directory' }
8 verbose addLocalDirectory /Users/zyg/.npm/zombies/1.0.0/package.tgz not in flight; packing
9 verbose tar pack [ '/Users/zyg/.npm/zombies/1.0.0/package.tgz',
9 verbose tar pack   '/Users/zyg/Documents/Zombies' ]
10 verbose tarball /Users/zyg/.npm/zombies/1.0.0/package.tgz
11 verbose folder /Users/zyg/Documents/Zombies
12 info prepublish zombies@1.0.0
13 verbose addLocalTarball adding from inside cache /Users/zyg/.npm/zombies/1.0.0/package.tgz
14 silly cache afterAdd zombies@1.0.0
15 verbose afterAdd /Users/zyg/.npm/zombies/1.0.0/package/package.json not in flight; writing
16 verbose afterAdd /Users/zyg/.npm/zombies/1.0.0/package/package.json written
17 silly publish { name: 'zombies',
17 silly publish   version: '1.0.0',
17 silly publish   description: 'function chain',
17 silly publish   main: 'index.js',
17 silly publish   scripts: { test: 'no test' },
17 silly publish   repository:
17 silly publish    { type: 'git',
17 silly publish      url: 'git+https://github.com/zhou-yg/Zombies.git' },
17 silly publish   keywords: [ 'functional', 'program' ],
17 silly publish   author: { name: 'zhouyg' },
17 silly publish   license: 'MIT',
17 silly publish   bugs: { url: 'https://github.com/zhou-yg/Zombies/issues' },
17 silly publish   homepage: 'https://github.com/zhou-yg/Zombies#readme',
17 silly publish   readme: '#ZOMBIES\n\n*Why this project\'s name is zombies?Because zombies always comply with sequence*.\n\n\n_为什么这个框架起名为丧尸呢？因为它们总是排着队上_。\n\n-------------------------------------------------\n特性：\n\n\n*  建立函数链函数\n*  建立可分散的分支函数链\n*  顺序执行\n*  异步\n*  _函数执行时回调(待续)_\n*  _队列完成时回调(待续)_',
17 silly publish   readmeFilename: 'README.md',
17 silly publish   gitHead: 'ec90965633764978628ba2db2e680d02ed47076c',
17 silly publish   _id: 'zombies@1.0.0',
17 silly publish   _shasum: '037ce2cb4bc8a569b24313c8f794aa87966ce16d',
17 silly publish   _from: '.' }
18 verbose getPublishConfig undefined
19 silly mapToRegistry name zombies
20 silly mapToRegistry using default registry
21 silly mapToRegistry registry https://registry.npmjs.org/
22 silly mapToRegistry uri https://registry.npmjs.org/zombies
23 verbose publish registryBase https://registry.npmjs.org/
24 silly publish uploading /Users/zyg/.npm/zombies/1.0.0/package.tgz
25 verbose request uri https://registry.npmjs.org/zombies
26 verbose request sending authorization for write operation
27 info attempt registry request try #1 at 8:34:32 PM
28 verbose request using bearer token for auth
29 verbose request id 5d930eb6a23f70ae
30 http request PUT https://registry.npmjs.org/zombies
31 http 403 https://registry.npmjs.org/zombies
32 verbose headers { 'content-type': 'application/json',
32 verbose headers   'cache-control': 'max-age=60',
32 verbose headers   'content-length': '99',
32 verbose headers   'accept-ranges': 'bytes',
32 verbose headers   date: 'Sat, 14 Nov 2015 12:34:34 GMT',
32 verbose headers   via: '1.1 varnish',
32 verbose headers   connection: 'keep-alive',
32 verbose headers   'x-served-by': 'cache-itm7420-ITM',
32 verbose headers   'x-cache': 'MISS',
32 verbose headers   'x-cache-hits': '0',
32 verbose headers   'x-timer': 'S1447504473.063853,VS0,VE969' }
33 verbose request invalidating /Users/zyg/.npm/registry.npmjs.org/zombies on PUT
34 error publish Failed PUT 403
35 verbose stack Error: You do not have permission to publish 'zombies'. Are you logged in as the correct user? : zombies
35 verbose stack     at CachingRegistryClient.<anonymous> (/usr/local/lib/node_modules/npm/node_modules/npm-registry-client/lib/request.js:247:14)
35 verbose stack     at Request._callback (/usr/local/lib/node_modules/npm/node_modules/npm-registry-client/lib/request.js:170:14)
35 verbose stack     at Request.self.callback (/usr/local/lib/node_modules/npm/node_modules/request/request.js:368:22)
35 verbose stack     at Request.emit (events.js:110:17)
35 verbose stack     at Request.<anonymous> (/usr/local/lib/node_modules/npm/node_modules/request/request.js:1219:14)
35 verbose stack     at Request.emit (events.js:129:20)
35 verbose stack     at IncomingMessage.<anonymous> (/usr/local/lib/node_modules/npm/node_modules/request/request.js:1167:12)
35 verbose stack     at IncomingMessage.emit (events.js:129:20)
35 verbose stack     at _stream_readable.js:908:16
35 verbose stack     at process._tickCallback (node.js:355:11)
36 verbose statusCode 403
37 verbose pkgid zombies
38 verbose cwd /Users/zyg/Documents/Zombies
39 error Darwin 14.3.0
40 error argv "node" "/usr/local/bin/npm" "publish"
41 error node v0.12.4
42 error npm  v2.10.1
43 error code E403
44 error You do not have permission to publish 'zombies'. Are you logged in as the correct user? : zombies
45 error If you need help, you may report this error at:
45 error     <https://github.com/npm/npm/issues>
46 verbose exit [ 1, true ]
